# JRE version: OpenJDK Runtime Environment Temurin-21.0.10+7 (21.0.10+7) (build 21.0.10+7-LTS)
# Java VM: OpenJDK 64-Bit Server VM Temurin-21.0.10+7 (21.0.10+7-LTS, mixed mode, sharing, tiered, compressed oops, compressed class ptrs, parallel gc, windows-amd64)
GC Precious Log:
 CardTable entry size: 512
 CPUs: 12 total, 12 available
 Memory: 7896M
 Large Page Support: Disabled
 NUMA Support: Disabled
 Compressed Oops: Enabled (32-bit)
 Alignments: Space 512K, Generation 512K, Heap 2M
 Heap Min Capacity: 100M
 Heap Initial Capacity: 100M
 Heap Max Capacity: 2G
 Pre-touch: Disabled
 Parallel Workers: 10
Heap:
 PSYoungGen      total 6656K, used 4408K [0x00000000d5580000, 0x00000000d5e80000, 0x0000000100000000)
  eden space 5632K, 69% used [0x00000000d5580000,0x00000000d594e200,0x00000000d5b00000)
  from space 1024K, 50% used [0x00000000d5d80000,0x00000000d5e00020,0x00000000d5e80000)
  to   space 1024K, 0% used [0x00000000d5b00000,0x00000000d5b00000,0x00000000d5c00000)
 ParOldGen       total 1297920K, used 1297887K [0x0000000080000000, 0x00000000cf380000, 0x00000000d5580000)
  object space 1297920K, 99% used [0x0000000080000000,0x00000000cf377e48,0x00000000cf380000)
 Metaspace       used 94748K, committed 96512K, reserved 1179648K
  class space    used 9240K, committed 10112K, reserved 1048576K
GC Heap History (20 events):
Event: 89825.756 GC heap before
{Heap before GC invocations=5184 (full 12):
 PSYoungGen      total 4096K, used 3680K [0x00000000d5580000, 0x00000000d5a80000, 0x0000000100000000)
  eden space 3072K, 100% used [0x00000000d5580000,0x00000000d5880000,0x00000000d5880000)
  from space 1024K, 59% used [0x00000000d5980000,0x00000000d5a18000,0x00000000d5a80000)
  to   space 1024K, 0% used [0x00000000d5880000,0x00000000d5880000,0x00000000d5980000)
 ParOldGen       total 1293824K, used 1293765K [0x0000000080000000, 0x00000000cef80000, 0x00000000d5580000)
  object space 1293824K, 99% used [0x0000000080000000,0x00000000cef715e0,0x00000000cef80000)
 Metaspace       used 94737K, committed 96512K, reserved 1179648K
  class space    used 9240K, committed 10112K, reserved 1048576K
}
Event: 89825.769 GC heap after
{Heap after GC invocations=5184 (full 12):
 PSYoungGen      total 4096K, used 686K [0x00000000d5580000, 0x00000000d5a80000, 0x0000000100000000)
  eden space 3072K, 0% used [0x00000000d5580000,0x00000000d5580000,0x00000000d5880000)
  from space 1024K, 67% used [0x00000000d5880000,0x00000000d592bba0,0x00000000d5980000)
  to   space 1024K, 0% used [0x00000000d5980000,0x00000000d5980000,0x00000000d5a80000)
 ParOldGen       total 1294336K, used 1294153K [0x0000000080000000, 0x00000000cf000000, 0x00000000d5580000)
  object space 1294336K, 99% used [0x0000000080000000,0x00000000cefd25f0,0x00000000cf000000)
 Metaspace       used 94737K, committed 96512K, reserved 1179648K
  class space    used 9240K, committed 10112K, reserved 1048576K
}
Event: 89825.775 GC heap before
{Heap before GC invocations=5185 (full 12):
 PSYoungGen      total 4096K, used 3758K [0x00000000d5580000, 0x00000000d5a80000, 0x0000000100000000)
  eden space 3072K, 100% used [0x00000000d5580000,0x00000000d5880000,0x00000000d5880000)
  from space 1024K, 67% used [0x00000000d5880000,0x00000000d592bba0,0x00000000d5980000)
  to   space 1024K, 0% used [0x00000000d5980000,0x00000000d5980000,0x00000000d5a80000)
 ParOldGen       total 1294336K, used 1294153K [0x0000000080000000, 0x00000000cf000000, 0x00000000d5580000)
  object space 1294336K, 99% used [0x0000000080000000,0x00000000cefd25f0,0x00000000cf000000)
 Metaspace       used 94737K, committed 96512K, reserved 1179648K
  class space    used 9240K, committed 10112K, reserved 1048576K
}
Event: 89825.777 GC heap after
{Heap after GC invocations=5185 (full 12):
 PSYoungGen      total 4096K, used 634K [0x00000000d5580000, 0x00000000d5a80000, 0x0000000100000000)
  eden space 3072K, 0% used [0x00000000d5580000,0x00000000d5580000,0x00000000d5880000)
  from space 1024K, 61% used [0x00000000d5980000,0x00000000d5a1e900,0x00000000d5a80000)
  to   space 1024K, 0% used [0x00000000d5880000,0x00000000d5880000,0x00000000d5980000)
 ParOldGen       total 1294848K, used 1294667K [0x0000000080000000, 0x00000000cf080000, 0x00000000d5580000)
  object space 1294848K, 99% used [0x0000000080000000,0x00000000cf052ef0,0x00000000cf080000)
 Metaspace       used 94737K, committed 96512K, reserved 1179648K
  class space    used 9240K, committed 10112K, reserved 1048576K
}
Event: 89825.782 GC heap before
{Heap before GC invocations=5186 (full 12):
 PSYoungGen      total 4096K, used 3706K [0x00000000d5580000, 0x00000000d5a80000, 0x0000000100000000)
  eden space 3072K, 100% used [0x00000000d5580000,0x00000000d5880000,0x00000000d5880000)
  from space 1024K, 61% used [0x00000000d5980000,0x00000000d5a1e900,0x00000000d5a80000)
  to   space 1024K, 0% used [0x00000000d5880000,0x00000000d5880000,0x00000000d5980000)
 ParOldGen       total 1294848K, used 1294667K [0x0000000080000000, 0x00000000cf080000, 0x00000000d5580000)
  object space 1294848K, 99% used [0x0000000080000000,0x00000000cf052ef0,0x00000000cf080000)
 Metaspace       used 94737K, committed 96512K, reserved 1179648K
  class space    used 9240K, committed 10112K, reserved 1048576K
}
Event: 89825.785 GC heap after
{Heap after GC invocations=5186 (full 12):
 PSYoungGen      total 4096K, used 512K [0x00000000d5580000, 0x00000000d5a80000, 0x0000000100000000)
  eden space 3072K, 0% used [0x00000000d5580000,0x00000000d5580000,0x00000000d5880000)
  from space 1024K, 50% used [0x00000000d5880000,0x00000000d5900000,0x00000000d5980000)
  to   space 1024K, 0% used [0x00000000d5980000,0x00000000d5980000,0x00000000d5a80000)
 ParOldGen       total 1295360K, used 1295133K [0x0000000080000000, 0x00000000cf100000, 0x00000000d5580000)
  object space 1295360K, 99% used [0x0000000080000000,0x00000000cf0c7660,0x00000000cf100000)
 Metaspace       used 94737K, committed 96512K, reserved 1179648K
  class space    used 9240K, committed 10112K, reserved 1048576K
}
Event: 89825.790 GC heap before
{Heap before GC invocations=5187 (full 12):
 PSYoungGen      total 4096K, used 3584K [0x00000000d5580000, 0x00000000d5a80000, 0x0000000100000000)
  eden space 3072K, 100% used [0x00000000d5580000,0x00000000d5880000,0x00000000d5880000)
  from space 1024K, 50% used [0x00000000d5880000,0x00000000d5900000,0x00000000d5980000)
  to   space 1024K, 0% used [0x00000000d5980000,0x00000000d5980000,0x00000000d5a80000)
 ParOldGen       total 1295360K, used 1295133K [0x0000000080000000, 0x00000000cf100000, 0x00000000d5580000)
  object space 1295360K, 99% used [0x0000000080000000,0x00000000cf0c7660,0x00000000cf100000)
 Metaspace       used 94737K, committed 96512K, reserved 1179648K
  class space    used 9240K, committed 10112K, reserved 1048576K
}
Event: 89825.799 GC heap after
{Heap after GC invocations=5187 (full 12):
 PSYoungGen      total 4608K, used 368K [0x00000000d5580000, 0x00000000d5a80000, 0x0000000100000000)
  eden space 3584K, 0% used [0x00000000d5580000,0x00000000d5580000,0x00000000d5900000)
  from space 1024K, 35% used [0x00000000d5980000,0x00000000d59dc010,0x00000000d5a80000)
  to   space 512K, 0% used [0x00000000d5900000,0x00000000d5900000,0x00000000d5980000)
 ParOldGen       total 1295872K, used 1295541K [0x0000000080000000, 0x00000000cf180000, 0x00000000d5580000)
  object space 1295872K, 99% used [0x0000000080000000,0x00000000cf12d6a0,0x00000000cf180000)
 Metaspace       used 94737K, committed 96512K, reserved 1179648K
  class space    used 9240K, committed 10112K, reserved 1048576K
}
Event: 89825.808 GC heap before
{Heap before GC invocations=5188 (full 12):
 PSYoungGen      total 4608K, used 3952K [0x00000000d5580000, 0x00000000d5a80000, 0x0000000100000000)
  eden space 3584K, 100% used [0x00000000d5580000,0x00000000d5900000,0x00000000d5900000)
  from space 1024K, 35% used [0x00000000d5980000,0x00000000d59dc010,0x00000000d5a80000)
  to   space 512K, 0% used [0x00000000d5900000,0x00000000d5900000,0x00000000d5980000)
 ParOldGen       total 1295872K, used 1295541K [0x0000000080000000, 0x00000000cf180000, 0x00000000d5580000)
  object space 1295872K, 99% used [0x0000000080000000,0x00000000cf12d6a0,0x00000000cf180000)
 Metaspace       used 94737K, committed 96512K, reserved 1179648K
  class space    used 9240K, committed 10112K, reserved 1048576K
}
Event: 89825.812 GC heap after
{Heap after GC invocations=5188 (full 12):
 PSYoungGen      total 4096K, used 480K [0x00000000d5580000, 0x00000000d5b00000, 0x0000000100000000)
  eden space 3584K, 0% used [0x00000000d5580000,0x00000000d5580000,0x00000000d5900000)
  from space 512K, 93% used [0x00000000d5900000,0x00000000d5978000,0x00000000d5980000)
  to   space 512K, 0% used [0x00000000d5a80000,0x00000000d5a80000,0x00000000d5b00000)
 ParOldGen       total 1295872K, used 1295753K [0x0000000080000000, 0x00000000cf180000, 0x00000000d5580000)
  object space 1295872K, 99% used [0x0000000080000000,0x00000000cf162760,0x00000000cf180000)
 Metaspace       used 94737K, committed 96512K, reserved 1179648K
  class space    used 9240K, committed 10112K, reserved 1048576K
}
Event: 89825.818 GC heap before
{Heap before GC invocations=5189 (full 12):
 PSYoungGen      total 4096K, used 4064K [0x00000000d5580000, 0x00000000d5b00000, 0x0000000100000000)
  eden space 3584K, 100% used [0x00000000d5580000,0x00000000d5900000,0x00000000d5900000)
  from space 512K, 93% used [0x00000000d5900000,0x00000000d5978000,0x00000000d5980000)
  to   space 512K, 0% used [0x00000000d5a80000,0x00000000d5a80000,0x00000000d5b00000)
 ParOldGen       total 1295872K, used 1295753K [0x0000000080000000, 0x00000000cf180000, 0x00000000d5580000)
  object space 1295872K, 99% used [0x0000000080000000,0x00000000cf162760,0x00000000cf180000)
 Metaspace       used 94737K, committed 96512K, reserved 1179648K
  class space    used 9240K, committed 10112K, reserved 1048576K
}
Event: 89825.822 GC heap after
{Heap after GC invocations=5189 (full 12):
 PSYoungGen      total 5120K, used 448K [0x00000000d5580000, 0x00000000d5b00000, 0x0000000100000000)
  eden space 4608K, 0% used [0x00000000d5580000,0x00000000d5580000,0x00000000d5a00000)
  from space 512K, 87% used [0x00000000d5a80000,0x00000000d5af0000,0x00000000d5b00000)
  to   space 512K, 0% used [0x00000000d5a00000,0x00000000d5a00000,0x00000000d5a80000)
 ParOldGen       total 1296384K, used 1296086K [0x0000000080000000, 0x00000000cf200000, 0x00000000d5580000)
  object space 1296384K, 99% used [0x0000000080000000,0x00000000cf1b5af8,0x00000000cf200000)
 Metaspace       used 94737K, committed 96512K, reserved 1179648K
  class space    used 9240K, committed 10112K, reserved 1048576K
}
Event: 89825.839 GC heap before
{Heap before GC invocations=5190 (full 12):
 PSYoungGen      total 5120K, used 5056K [0x00000000d5580000, 0x00000000d5b00000, 0x0000000100000000)
  eden space 4608K, 100% used [0x00000000d5580000,0x00000000d5a00000,0x00000000d5a00000)
  from space 512K, 87% used [0x00000000d5a80000,0x00000000d5af0000,0x00000000d5b00000)
  to   space 512K, 0% used [0x00000000d5a00000,0x00000000d5a00000,0x00000000d5a80000)
 ParOldGen       total 1296384K, used 1296086K [0x0000000080000000, 0x00000000cf200000, 0x00000000d5580000)
  object space 1296384K, 99% used [0x0000000080000000,0x00000000cf1b5af8,0x00000000cf200000)
 Metaspace       used 94737K, committed 96512K, reserved 1179648K
  class space    used 9240K, committed 10112K, reserved 1048576K
}
Event: 89825.843 GC heap after
{Heap after GC invocations=5190 (full 12):
 PSYoungGen      total 5120K, used 496K [0x00000000d5580000, 0x00000000d5d00000, 0x0000000100000000)
  eden space 4608K, 0% used [0x00000000d5580000,0x00000000d5580000,0x00000000d5a00000)
  from space 512K, 96% used [0x00000000d5a00000,0x00000000d5a7c010,0x00000000d5a80000)
  to   space 1024K, 0% used [0x00000000d5c00000,0x00000000d5c00000,0x00000000d5d00000)
 ParOldGen       total 1296896K, used 1296410K [0x0000000080000000, 0x00000000cf280000, 0x00000000d5580000)
  object space 1296896K, 99% used [0x0000000080000000,0x00000000cf206b08,0x00000000cf280000)
 Metaspace       used 94737K, committed 96512K, reserved 1179648K
  class space    used 9240K, committed 10112K, reserved 1048576K
}
Event: 89825.859 GC heap before
{Heap before GC invocations=5191 (full 12):
 PSYoungGen      total 5120K, used 5104K [0x00000000d5580000, 0x00000000d5d00000, 0x0000000100000000)
  eden space 4608K, 100% used [0x00000000d5580000,0x00000000d5a00000,0x00000000d5a00000)
  from space 512K, 96% used [0x00000000d5a00000,0x00000000d5a7c010,0x00000000d5a80000)
  to   space 1024K, 0% used [0x00000000d5c00000,0x00000000d5c00000,0x00000000d5d00000)
 ParOldGen       total 1296896K, used 1296410K [0x0000000080000000, 0x00000000cf280000, 0x00000000d5580000)
  object space 1296896K, 99% used [0x0000000080000000,0x00000000cf206b08,0x00000000cf280000)
 Metaspace       used 94737K, committed 96512K, reserved 1179648K
  class space    used 9240K, committed 10112K, reserved 1048576K
}
Event: 89825.865 GC heap after
{Heap after GC invocations=5191 (full 12):
 PSYoungGen      total 6656K, used 768K [0x00000000d5580000, 0x00000000d5d00000, 0x0000000100000000)
  eden space 5632K, 0% used [0x00000000d5580000,0x00000000d5580000,0x00000000d5b00000)
  from space 1024K, 75% used [0x00000000d5c00000,0x00000000d5cc0000,0x00000000d5d00000)
  to   space 1024K, 0% used [0x00000000d5b00000,0x00000000d5b00000,0x00000000d5c00000)
 ParOldGen       total 1296896K, used 1296830K [0x0000000080000000, 0x00000000cf280000, 0x00000000d5580000)
  object space 1296896K, 99% used [0x0000000080000000,0x00000000cf26fb58,0x00000000cf280000)
 Metaspace       used 94737K, committed 96512K, reserved 1179648K
  class space    used 9240K, committed 10112K, reserved 1048576K
}
Event: 95780.404 GC heap before
{Heap before GC invocations=5192 (full 12):
 PSYoungGen      total 6656K, used 6400K [0x00000000d5580000, 0x00000000d5d00000, 0x0000000100000000)
  eden space 5632K, 100% used [0x00000000d5580000,0x00000000d5b00000,0x00000000d5b00000)
  from space 1024K, 75% used [0x00000000d5c00000,0x00000000d5cc0000,0x00000000d5d00000)
  to   space 1024K, 0% used [0x00000000d5b00000,0x00000000d5b00000,0x00000000d5c00000)
 ParOldGen       total 1296896K, used 1296830K [0x0000000080000000, 0x00000000cf280000, 0x00000000d5580000)
  object space 1296896K, 99% used [0x0000000080000000,0x00000000cf26fb58,0x00000000cf280000)
 Metaspace       used 94739K, committed 96512K, reserved 1179648K
  class space    used 9240K, committed 10112K, reserved 1048576K
}
Event: 95781.326 GC heap after
{Heap after GC invocations=5192 (full 12):
 PSYoungGen      total 6656K, used 695K [0x00000000d5580000, 0x00000000d5e80000, 0x0000000100000000)
  eden space 5632K, 0% used [0x00000000d5580000,0x00000000d5580000,0x00000000d5b00000)
  from space 1024K, 67% used [0x00000000d5b00000,0x00000000d5baddd0,0x00000000d5c00000)
  to   space 1024K, 0% used [0x00000000d5d80000,0x00000000d5d80000,0x00000000d5e80000)
 ParOldGen       total 1297408K, used 1297354K [0x0000000080000000, 0x00000000cf300000, 0x00000000d5580000)
  object space 1297408K, 99% used [0x0000000080000000,0x00000000cf2f2b88,0x00000000cf300000)
 Metaspace       used 94739K, committed 96512K, reserved 1179648K
  class space    used 9240K, committed 10112K, reserved 1048576K
}
Event: 95790.247 GC heap before
{Heap before GC invocations=5193 (full 12):
 PSYoungGen      total 6656K, used 6327K [0x00000000d5580000, 0x00000000d5e80000, 0x0000000100000000)
  eden space 5632K, 100% used [0x00000000d5580000,0x00000000d5b00000,0x00000000d5b00000)
  from space 1024K, 67% used [0x00000000d5b00000,0x00000000d5baddd0,0x00000000d5c00000)
  to   space 1024K, 0% used [0x00000000d5d80000,0x00000000d5d80000,0x00000000d5e80000)
 ParOldGen       total 1297408K, used 1297354K [0x0000000080000000, 0x00000000cf300000, 0x00000000d5580000)
  object space 1297408K, 99% used [0x0000000080000000,0x00000000cf2f2b88,0x00000000cf300000)
 Metaspace       used 94743K, committed 96512K, reserved 1179648K
  class space    used 9240K, committed 10112K, reserved 1048576K
}
Event: 95790.273 GC heap after
{Heap after GC invocations=5193 (full 12):
 PSYoungGen      total 6656K, used 512K [0x00000000d5580000, 0x00000000d5e80000, 0x0000000100000000)
  eden space 5632K, 0% used [0x00000000d5580000,0x00000000d5580000,0x00000000d5b00000)
  from space 1024K, 50% used [0x00000000d5d80000,0x00000000d5e00020,0x00000000d5e80000)
  to   space 1024K, 0% used [0x00000000d5b00000,0x00000000d5b00000,0x00000000d5c00000)
 ParOldGen       total 1297920K, used 1297887K [0x0000000080000000, 0x00000000cf380000, 0x00000000d5580000)
  object space 1297920K, 99% used [0x0000000080000000,0x00000000cf377e48,0x00000000cf380000)
 Metaspace       used 94743K, committed 96512K, reserved 1179648K
  class space    used 9240K, committed 10112K, reserved 1048576K
}

